<?xml version="1.0" encoding="UTF-8"?>
<testsuite xmlns:xsi="http://www.w3.org/2001/XMLSchema-instance" xsi:noNamespaceSchemaLocation="https://maven.apache.org/surefire/maven-surefire-plugin/xsd/surefire-test-report.xsd" name="runner.Runner" time="141.91" tests="5" errors="0" skipped="0" failures="0">
  <properties>
[...]
</properties>
  <testcase name="Statement includes account details" classname="Account statement" time="0.075"/>
  <testcase name="Balance is calculated on the statement" classname="Account statement" time="0.005"/>
  <testcase name="Statement includes transaction details" classname="Account statement" time="0.007"/>
  <testcase name="Mission statement can be seen" classname="Google" time="57.47"/>
  <testcase name="Search for BBC News" classname="Google" time="83.056"/>
</testsuite>